<?xml version="1.0" encoding="UTF-8"?>
<!-- Generated by org.testng.reporters.JUnitXMLReporter -->
<testsuite ignored="0" hostname="DESKTOP-NE27KBK" failures="0" tests="6" name="Data Driven Testing" time="7.761" errors="0" timestamp="2023-04-28T17:08:22 EET">
  <testcase classname="api.test.DDTests" name="testPostUsers" time="1.668"/>
  <testcase classname="api.test.DDTests" name="testPostUsers" time="0.776"/>
  <testcase classname="api.test.DDTests" name="testPostUsers" time="0.754"/>
  <testcase classname="api.test.DDTests" name="testDeleteUserByName" time="0.755"/>
  <testcase classname="api.test.DDTests" name="testDeleteUserByName" time="0.742"/>
  <testcase classname="api.test.DDTests" name="testDeleteUserByName" time="0.758"/>
</testsuite> <!-- Data Driven Testing -->
