<?xml version="1.0" encoding="UTF-8"?>
<!-- Generated by org.testng.reporters.JUnitXMLReporter -->
<testsuite ignored="0" hostname="DESKTOP-NE27KBK" failures="0" tests="6" name="Data Driven Testing" time="7.842" errors="0" timestamp="2023-04-27T14:37:20 EET">
  <testcase classname="api.test.DDTests" name="testPostUsers" time="1.437"/>
  <testcase classname="api.test.DDTests" name="testPostUsers" time="0.827"/>
  <testcase classname="api.test.DDTests" name="testPostUsers" time="0.769"/>
  <testcase classname="api.test.DDTests" name="testDeleteUserByName" time="0.752"/>
  <testcase classname="api.test.DDTests" name="testDeleteUserByName" time="0.749"/>
  <testcase classname="api.test.DDTests" name="testDeleteUserByName" time="0.75"/>
</testsuite> <!-- Data Driven Testing -->
