<?xml version="1.0" encoding="UTF-8"?>
<!-- Generated by org.testng.reporters.JUnitXMLReporter -->
<testsuite ignored="0" hostname="DESKTOP-NE27KBK" failures="0" tests="4" name="Testing User API Using Properties file" time="7.016" errors="0" timestamp="2023-04-28T17:08:22 EET">
  <testcase classname="api.test.UserTests2" name="testPostUser" time="2.984"/>
  <testcase classname="api.test.UserTests2" name="testGetUserByName" time="0.786"/>
  <testcase classname="api.test.UserTests2" name="testUpdateUserByName" time="1.509"/>
  <testcase classname="api.test.UserTests2" name="testDeleteUserByName" time="0.756"/>
</testsuite> <!-- Testing User API Using Properties file -->
