<?xml version="1.0" encoding="UTF-8"?>
<!-- Generated by org.testng.reporters.JUnitXMLReporter -->
<testsuite ignored="0" hostname="DESKTOP-NE27KBK" failures="0" tests="4" name="Testing User API Using Properties file" time="7.162" errors="0" timestamp="2023-04-27T14:37:19 EET">
  <testcase classname="api.test.UserTests2" name="testPostUser" time="3.24"/>
  <testcase classname="api.test.UserTests2" name="testGetUserByName" time="0.903"/>
  <testcase classname="api.test.UserTests2" name="testUpdateUserByName" time="1.507"/>
  <testcase classname="api.test.UserTests2" name="testDeleteUserByName" time="0.771"/>
</testsuite> <!-- Testing User API Using Properties file -->
