<?xml version="1.0" encoding="UTF-8"?>
<!-- Generated by org.testng.reporters.JUnitXMLReporter -->
<testsuite ignored="0" hostname="DESKTOP-NE27KBK" failures="0" tests="4" name="Testing User API" time="7.153" errors="0" timestamp="2023-04-27T14:37:19 EET">
  <testcase classname="api.test.UserTests" name="testPostUser" time="3.24"/>
  <testcase classname="api.test.UserTests" name="testGetUserByName" time="0.905"/>
  <testcase classname="api.test.UserTests" name="testUpdateUserByName" time="1.506"/>
  <testcase classname="api.test.UserTests" name="testDeleteUserByName" time="0.767"/>
</testsuite> <!-- Testing User API -->
