<?xml version="1.0" encoding="UTF-8"?>
<testng-results ignored="0" total="14" passed="14" failed="0" skipped="0">
  <reporter-output>
  </reporter-output>
  <suite started-at="2023-04-27T14:37:12 EET" name="Swagger Pet Store API" finished-at="2023-04-27T14:37:20 EET" duration-ms="7842">
    <groups>
    </groups>
    <test started-at="2023-04-27T14:37:12 EET" name="Testing User API" finished-at="2023-04-27T14:37:19 EET" duration-ms="7153">
      <class name="api.test.UserTests">
        <test-method is-config="true" signature="setUp()[pri:0, instance:api.test.UserTests@6ae5aa72]" started-at="2023-04-27T14:37:12 EET" name="setUp" finished-at="2023-04-27T14:37:13 EET" duration-ms="493" status="PASS">
          <reporter-output>
          </reporter-output>
        </test-method> <!-- setUp -->
        <test-method signature="testPostUser()[pri:1, instance:api.test.UserTests@6ae5aa72]" started-at="2023-04-27T14:37:13 EET" name="testPostUser" finished-at="2023-04-27T14:37:16 EET" duration-ms="3240" status="PASS">
          <reporter-output>
          </reporter-output>
        </test-method> <!-- testPostUser -->
        <test-method signature="testGetUserByName()[pri:2, instance:api.test.UserTests@6ae5aa72]" started-at="2023-04-27T14:37:16 EET" name="testGetUserByName" finished-at="2023-04-27T14:37:17 EET" duration-ms="905" status="PASS">
          <reporter-output>
          </reporter-output>
        </test-method> <!-- testGetUserByName -->
        <test-method signature="testUpdateUserByName()[pri:3, instance:api.test.UserTests@6ae5aa72]" started-at="2023-04-27T14:37:17 EET" name="testUpdateUserByName" finished-at="2023-04-27T14:37:18 EET" duration-ms="1506" status="PASS">
          <reporter-output>
          </reporter-output>
        </test-method> <!-- testUpdateUserByName -->
        <test-method signature="testDeleteUserByName()[pri:4, instance:api.test.UserTests@6ae5aa72]" started-at="2023-04-27T14:37:18 EET" name="testDeleteUserByName" finished-at="2023-04-27T14:37:19 EET" duration-ms="767" status="PASS">
          <reporter-output>
          </reporter-output>
        </test-method> <!-- testDeleteUserByName -->
      </class> <!-- api.test.UserTests -->
    </test> <!-- Testing User API -->
    <test started-at="2023-04-27T14:37:12 EET" name="Testing User API Using Properties file" finished-at="2023-04-27T14:37:19 EET" duration-ms="7162">
      <class name="api.test.UserTests2">
        <test-method is-config="true" signature="setUp()[pri:0, instance:api.test.UserTests2@5158b42f]" started-at="2023-04-27T14:37:12 EET" name="setUp" finished-at="2023-04-27T14:37:13 EET" duration-ms="493" status="PASS">
          <reporter-output>
          </reporter-output>
        </test-method> <!-- setUp -->
        <test-method signature="testPostUser()[pri:1, instance:api.test.UserTests2@5158b42f]" started-at="2023-04-27T14:37:13 EET" name="testPostUser" finished-at="2023-04-27T14:37:16 EET" duration-ms="3240" status="PASS">
          <reporter-output>
          </reporter-output>
        </test-method> <!-- testPostUser -->
        <test-method signature="testGetUserByName()[pri:2, instance:api.test.UserTests2@5158b42f]" started-at="2023-04-27T14:37:16 EET" name="testGetUserByName" finished-at="2023-04-27T14:37:17 EET" duration-ms="903" status="PASS">
          <reporter-output>
          </reporter-output>
        </test-method> <!-- testGetUserByName -->
        <test-method signature="testUpdateUserByName()[pri:3, instance:api.test.UserTests2@5158b42f]" started-at="2023-04-27T14:37:17 EET" name="testUpdateUserByName" finished-at="2023-04-27T14:37:18 EET" duration-ms="1507" status="PASS">
          <reporter-output>
          </reporter-output>
        </test-method> <!-- testUpdateUserByName -->
        <test-method signature="testDeleteUserByName()[pri:4, instance:api.test.UserTests2@5158b42f]" started-at="2023-04-27T14:37:18 EET" name="testDeleteUserByName" finished-at="2023-04-27T14:37:19 EET" duration-ms="771" status="PASS">
          <reporter-output>
          </reporter-output>
        </test-method> <!-- testDeleteUserByName -->
      </class> <!-- api.test.UserTests2 -->
    </test> <!-- Testing User API Using Properties file -->
    <test started-at="2023-04-27T14:37:12 EET" name="Data Driven Testing" finished-at="2023-04-27T14:37:20 EET" duration-ms="7842">
      <class name="api.test.DDTests">
        <test-method signature="testPostUsers(java.lang.String,java.lang.String,java.lang.String,java.lang.String,java.lang.String,java.lang.String,java.lang.String)[pri:1, instance:api.test.DDTests@72f926e6]" started-at="2023-04-27T14:37:14 EET" name="testPostUsers" data-provider="Data" finished-at="2023-04-27T14:37:16 EET" duration-ms="1437" status="PASS">
          <params>
            <param index="0">
              <value>
                <![CDATA[1010]]>
              </value>
            </param>
            <param index="1">
              <value>
                <![CDATA[testUser1]]>
              </value>
            </param>
            <param index="2">
              <value>
                <![CDATA[Ali]]>
              </value>
            </param>
            <param index="3">
              <value>
                <![CDATA[Gamal]]>
              </value>
            </param>
            <param index="4">
              <value>
                <![CDATA[a@gmail.com]]>
              </value>
            </param>
            <param index="5">
              <value>
                <![CDATA[test@12]]>
              </value>
            </param>
            <param index="6">
              <value>
                <![CDATA[123456789]]>
              </value>
            </param>
          </params>
          <reporter-output>
          </reporter-output>
        </test-method> <!-- testPostUsers -->
        <test-method signature="testPostUsers(java.lang.String,java.lang.String,java.lang.String,java.lang.String,java.lang.String,java.lang.String,java.lang.String)[pri:1, instance:api.test.DDTests@72f926e6]" started-at="2023-04-27T14:37:16 EET" name="testPostUsers" data-provider="Data" finished-at="2023-04-27T14:37:17 EET" duration-ms="827" status="PASS">
          <params>
            <param index="0">
              <value>
                <![CDATA[1020]]>
              </value>
            </param>
            <param index="1">
              <value>
                <![CDATA[testUser2]]>
              </value>
            </param>
            <param index="2">
              <value>
                <![CDATA[Kareem]]>
              </value>
            </param>
            <param index="3">
              <value>
                <![CDATA[Hassan]]>
              </value>
            </param>
            <param index="4">
              <value>
                <![CDATA[k@gmail.com]]>
              </value>
            </param>
            <param index="5">
              <value>
                <![CDATA[test@34]]>
              </value>
            </param>
            <param index="6">
              <value>
                <![CDATA[456383021]]>
              </value>
            </param>
          </params>
          <reporter-output>
          </reporter-output>
        </test-method> <!-- testPostUsers -->
        <test-method signature="testPostUsers(java.lang.String,java.lang.String,java.lang.String,java.lang.String,java.lang.String,java.lang.String,java.lang.String)[pri:1, instance:api.test.DDTests@72f926e6]" started-at="2023-04-27T14:37:17 EET" name="testPostUsers" data-provider="Data" finished-at="2023-04-27T14:37:17 EET" duration-ms="769" status="PASS">
          <params>
            <param index="0">
              <value>
                <![CDATA[1030]]>
              </value>
            </param>
            <param index="1">
              <value>
                <![CDATA[testUser3]]>
              </value>
            </param>
            <param index="2">
              <value>
                <![CDATA[Ahmed]]>
              </value>
            </param>
            <param index="3">
              <value>
                <![CDATA[Magdy]]>
              </value>
            </param>
            <param index="4">
              <value>
                <![CDATA[m@gmail.com]]>
              </value>
            </param>
            <param index="5">
              <value>
                <![CDATA[test@56]]>
              </value>
            </param>
            <param index="6">
              <value>
                <![CDATA[545886288]]>
              </value>
            </param>
          </params>
          <reporter-output>
          </reporter-output>
        </test-method> <!-- testPostUsers -->
        <test-method signature="testDeleteUserByName(java.lang.String)[pri:2, instance:api.test.DDTests@72f926e6]" started-at="2023-04-27T14:37:17 EET" name="testDeleteUserByName" data-provider="UserNames" finished-at="2023-04-27T14:37:18 EET" duration-ms="752" status="PASS">
          <params>
            <param index="0">
              <value>
                <![CDATA[testUser1]]>
              </value>
            </param>
          </params>
          <reporter-output>
          </reporter-output>
        </test-method> <!-- testDeleteUserByName -->
        <test-method signature="testDeleteUserByName(java.lang.String)[pri:2, instance:api.test.DDTests@72f926e6]" started-at="2023-04-27T14:37:18 EET" name="testDeleteUserByName" data-provider="UserNames" finished-at="2023-04-27T14:37:19 EET" duration-ms="749" status="PASS">
          <params>
            <param index="0">
              <value>
                <![CDATA[testUser2]]>
              </value>
            </param>
          </params>
          <reporter-output>
          </reporter-output>
        </test-method> <!-- testDeleteUserByName -->
        <test-method signature="testDeleteUserByName(java.lang.String)[pri:2, instance:api.test.DDTests@72f926e6]" started-at="2023-04-27T14:37:19 EET" name="testDeleteUserByName" data-provider="UserNames" finished-at="2023-04-27T14:37:20 EET" duration-ms="750" status="PASS">
          <params>
            <param index="0">
              <value>
                <![CDATA[testUser3]]>
              </value>
            </param>
          </params>
          <reporter-output>
          </reporter-output>
        </test-method> <!-- testDeleteUserByName -->
      </class> <!-- api.test.DDTests -->
    </test> <!-- Data Driven Testing -->
  </suite> <!-- Swagger Pet Store API -->
</testng-results>
