<?xml version="1.0" encoding="UTF-8"?>
<testsuite xmlns:xsi="http://www.w3.org/2001/XMLSchema-instance" xsi:noNamespaceSchemaLocation="https://maven.apache.org/surefire/maven-surefire-plugin/xsd/surefire-test-report-3.0.xsd" version="3.0" name="TestSuite" time="8.347" tests="14" errors="0" skipped="0" failures="0">
  <properties>
[...]
</properties>
  <testcase name="testPostUsers[1010, testUser1, Ali, Gamal, a@gmail.com, test@12, 123456789](1)" classname="api.test.DDTests" time="1.694"/>
  <testcase name="testPostUsers[1020, testUser2, Kareem, Hassan, k@gmail.com, test@34, 456383021](2)" classname="api.test.DDTests" time="0.722"/>
  <testcase name="testPostUsers[1030, testUser3, Ahmed, Magdy, m@gmail.com, test@56, 545886288](3)" classname="api.test.DDTests" time="0.689"/>
  <testcase name="testDeleteUserByName[testUser1](1)" classname="api.test.DDTests" time="0.002"/>
  <testcase name="testDeleteUserByName[testUser2](2)" classname="api.test.DDTests" time="0.743"/>
  <testcase name="testDeleteUserByName[testUser3](3)" classname="api.test.DDTests" time="0.759"/>
  <testcase name="testPostUser" classname="api.test.UserTests2" time="0.053">
    <system-out><![CDATA[HTTP/1.1 200 OK
Date: Fri, 28 Apr 2023 15:08:18 GMT
Content-Type: application/json
Transfer-Encoding: chunked
Connection: keep-alive
Access-Control-Allow-Origin: *
Access-Control-Allow-Methods: GET, POST, DELETE, PUT
Access-Control-Allow-Headers: Content-Type, api_key, Authorization
Server: Jetty(9.2.9.v20150224)

{
    "code": 200,
    "type": "unknown",
    "message": "71496646"
}
HTTP/1.1 200 OK
Date: Fri, 28 Apr 2023 15:08:18 GMT
Content-Type: application/json
Transfer-Encoding: chunked
Connection: keep-alive
Access-Control-Allow-Origin: *
Access-Control-Allow-Methods: GET, POST, DELETE, PUT
Access-Control-Allow-Headers: Content-Type, api_key, Authorization
Server: Jetty(9.2.9.v20150224)

{
    "code": 200,
    "type": "unknown",
    "message": "1718824123"
}
]]></system-out>
  </testcase>
  <testcase name="testGetUserByName" classname="api.test.UserTests2" time="0.064">
    <system-out><![CDATA[{
    "id": 71496646,
    "username": "jeffery.mcclure",
    "firstName": "Yvone",
    "lastName": "Robel",
    "email": "haywood.bartell@example.com",
    "password": "26nu1",
    "phone": "1-990-474-5186",
    "userStatus": 0
}
]]></system-out>
  </testcase>
  <testcase name="testUpdateUserByName" classname="api.test.UserTests2" time="0.002">
    <system-out><![CDATA[{
    "id": 71496646,
    "username": "jean.trantow",
    "firstName": "Chris",
    "lastName": "Bogan",
    "email": "kimberlee.barrows@example.com",
    "password": "26nu1",
    "phone": "1-990-474-5186",
    "userStatus": 0
}
]]></system-out>
  </testcase>
  <testcase name="testDeleteUserByName" classname="api.test.UserTests2" time="0.014"/>
  <testcase name="testPostUser" classname="api.test.UserTests" time="0.053"/>
  <testcase name="testGetUserByName" classname="api.test.UserTests" time="0.002">
    <system-out><![CDATA[{
    "id": 1718824123,
    "username": "vito.crooks",
    "firstName": "Shalanda",
    "lastName": "Dach",
    "email": "lyman.schmeler@example.com",
    "password": "vdn7h03",
    "phone": "184-654-9490",
    "userStatus": 0
}
]]></system-out>
  </testcase>
  <testcase name="testUpdateUserByName" classname="api.test.UserTests" time="0.752">
    <system-out><![CDATA[{
    "id": 1718824123,
    "username": "charis.kuphal",
    "firstName": "Margert",
    "lastName": "Mueller",
    "email": "jeffery.carter@example.com",
    "password": "vdn7h03",
    "phone": "184-654-9490",
    "userStatus": 0
}
]]></system-out>
  </testcase>
  <testcase name="testDeleteUserByName" classname="api.test.UserTests" time="0.743"/>
</testsuite>